生成启动时间为 2019/6/9 18:40:32。
     1>项目“D:\Windows Driver\MySSDT\MySSDT\MySSDT.vcxproj”在节点 2 上(Rebuild 个目标)。
     1>ClCompile:
         D:\Program Files (x86)\Microsoft Visual Studio 12.0\VC\bin\CL.exe /c /IWin7Debug\ /Zi /nologo /W4 /WX- /Od /Oi /Oy- /D _X86_=1 /D i386=1 /D STD_CALL /D DEPRECATE_DDK_FUNCTIONS=1 /D MSC_NOOPT /D _WIN32_WINNT=0x0601 /D WINVER=0x0601 /D WINNT=1 /D NTDDI_VERSION=0x06010000 /D DBG=1 /GF /Gm- /Zp8 /GS /Gy /fp:precise /Zc:wchar_t- /Zc:forScope- /GR- /Fo"Win7Debug\\" /Fd"Win7Debug\vc120.pdb" /Gz /wd4748 /wd4603 /wd4627 /wd4986 /wd4987 /wd4996 /FI"D:\Program Files (x86)\Windows Kits\8.1\Include\Shared\warning.h" /analyze- /errorReport:prompt /kernel -cbstring /d1import_no_registry /d2AllowCompatibleILVersions /d2Zi+ common.c IDT.c main.c SSDT.c
         common.c
         IDT.c
         main.c
         SSDT.c
         正在生成代码...
     1>d:\windows driver\myssdt\myssdt\kernel.h(78): warning C4733: 内联 asm 分配到“FS:0”: 处理程序未注册为安全处理程序
       Link:
         D:\Program Files (x86)\Microsoft Visual Studio 12.0\VC\bin\link.exe /ERRORREPORT:PROMPT /OUT:"D:\Windows Driver\MySSDT\Win7Debug\MySSDT.sys" /VERSION:"6.3" /INCREMENTAL:NO /NOLOGO /WX /SECTION:"INIT,d" "D:\Program Files (x86)\Windows Kits\8.1\lib\win7\KM\x86\memcmp.lib" "D:\Program Files (x86)\Windows Kits\8.1\lib\win7\KM\x86\BufferOverflowK.lib" "D:\Program Files (x86)\Windows Kits\8.1\lib\win7\KM\x86\ntoskrnl.lib" "D:\Program Files (x86)\Windows Kits\8.1\lib\win7\KM\x86\hal.lib" "D:\Program Files (x86)\Windows Kits\8.1\lib\win7\KM\x86\wmilib.lib" /NODEFAULTLIB /MANIFEST:NO /DEBUG /PDB:"D:\Windows Driver\MySSDT\Win7Debug\MySSDT.pdb" /SUBSYSTEM:NATIVE,"6.01" /Driver /OPT:REF /OPT:ICF /ENTRY:"GsDriverEntry@8" /RELEASE /IMPLIB:"D:\Windows Driver\MySSDT\Win7Debug\MySSDT.lib" /MERGE:"_TEXT=.text;_PAGE=PAGE" /MACHINE:X86 /PROFILE /kernel /IGNORE:4198,4010,4037,4039,4065,4070,4078,4087,4089,4221 /osversion:6.3 /pdbcompress /debugtype:pdata Win7Debug\common.obj
         Win7Debug\IDT.obj
         Win7Debug\main.obj
         Win7Debug\SSDT.obj
         MySSDT.vcxproj -> D:\Windows Driver\MySSDT\Win7Debug\MySSDT.sys
       DriverTestSign:
         D:\Program Files (x86)\Windows Kits\8.1\bin\x86\signtool.exe sign /ph /sha1 "E10EEA8FA4E0A81FC9523BDB163E6F1A6CBED4EA" 
         Done Adding Additional Store
         Successfully signed: D:\Windows Driver\MySSDT\Win7Debug\MySSDT.sys
         
     1>已完成生成项目“D:\Windows Driver\MySSDT\MySSDT\MySSDT.vcxproj”(Rebuild 个目标)的操作。

生成成功。

已用时间 00:00:00.80
